<?xml version="1.0" encoding="UTF-8"?>
<!-- Generated by org.testng.reporters.JUnitReportReporter -->
<testsuite skipped="0" hostname="INHYDSAICHARAN" name="com.rmdevice.tests.RmdeviceLoginWorkflow" tests="1" failures="0" timestamp="17 Dec 2019 06:38:29 GMT" time="131.621" errors="0">
  <testcase name="cal_add" time="131.621" classname="com.rmdevice.tests.RmdeviceLoginWorkflow"/>
</testsuite> <!-- com.rmdevice.tests.RmdeviceLoginWorkflow -->
